2016-12-02 13:18:29,313 ERROR [qtp1875520143-13] (RegisterBean.java:132)     - Error while login
org.springframework.transaction.CannotCreateTransactionException: Could not open Hibernate Session for transaction; nested exception is java.lang.NoClassDefFoundError: org/hibernate/engine/transaction/spi/TransactionContext
	at org.springframework.orm.hibernate4.HibernateTransactionManager.doBegin(HibernateTransactionManager.java:544)
	at org.springframework.transaction.support.AbstractPlatformTransactionManager.getTransaction(AbstractPlatformTransactionManager.java:373)
	at org.springframework.transaction.interceptor.TransactionAspectSupport.createTransactionIfNecessary(TransactionAspectSupport.java:447)
	at org.springframework.transaction.interceptor.TransactionAspectSupport.invokeWithinTransaction(TransactionAspectSupport.java:277)
	at org.springframework.transaction.interceptor.TransactionInterceptor.invoke(TransactionInterceptor.java:96)
	at org.springframework.aop.framework.ReflectiveMethodInvocation.proceed(ReflectiveMethodInvocation.java:179)
	at org.springframework.aop.framework.JdkDynamicAopProxy.invoke(JdkDynamicAopProxy.java:213)
	at com.sun.proxy.$Proxy38.findUser(Unknown Source)
	at org.n2.app.beans.RegisterBean.login(RegisterBean.java:102)
	at sun.reflect.NativeMethodAccessorImpl.invoke0(Native Method)
	at sun.reflect.NativeMethodAccessorImpl.invoke(NativeMethodAccessorImpl.java:62)
	at sun.reflect.DelegatingMethodAccessorImpl.invoke(DelegatingMethodAccessorImpl.java:43)
	at java.lang.reflect.Method.invoke(Method.java:498)
	at org.apache.el.parser.AstValue.invoke(AstValue.java:247)
	at org.apache.el.MethodExpressionImpl.invoke(MethodExpressionImpl.java:267)
	at javax.faces.event.MethodExpressionActionListener.processAction(MethodExpressionActionListener.java:149)
	at javax.faces.event.ActionEvent.processListener(ActionEvent.java:88)
	at javax.faces.component.UIComponentBase.broadcast(UIComponentBase.java:814)
	at javax.faces.component.UICommand.broadcast(UICommand.java:300)
	at javax.faces.component.UIViewRoot.broadcastEvents(UIViewRoot.java:790)
	at javax.faces.component.UIViewRoot.processApplication(UIViewRoot.java:1282)
	at com.sun.faces.lifecycle.InvokeApplicationPhase.execute(InvokeApplicationPhase.java:81)
	at com.sun.faces.lifecycle.Phase.doPhase(Phase.java:101)
	at com.sun.faces.lifecycle.LifecycleImpl.execute(LifecycleImpl.java:198)
	at javax.faces.webapp.FacesServlet.service(FacesServlet.java:658)
	at org.eclipse.jetty.servlet.ServletHolder.handle(ServletHolder.java:837)
	at org.eclipse.jetty.servlet.ServletHandler.doHandle(ServletHandler.java:583)
	at org.eclipse.jetty.server.handler.ScopedHandler.handle(ScopedHandler.java:143)
	at org.eclipse.jetty.security.SecurityHandler.handle(SecurityHandler.java:548)
	at org.eclipse.jetty.server.session.SessionHandler.doHandle(SessionHandler.java:226)
	at org.eclipse.jetty.server.handler.ContextHandler.doHandle(ContextHandler.java:1180)
	at org.eclipse.jetty.servlet.ServletHandler.doScope(ServletHandler.java:511)
	at org.eclipse.jetty.server.session.SessionHandler.doScope(SessionHandler.java:185)
	at org.eclipse.jetty.server.handler.ContextHandler.doScope(ContextHandler.java:1112)
	at org.eclipse.jetty.server.handler.ScopedHandler.handle(ScopedHandler.java:141)
	at org.eclipse.jetty.server.handler.ContextHandlerCollection.handle(ContextHandlerCollection.java:213)
	at org.eclipse.jetty.server.handler.HandlerCollection.handle(HandlerCollection.java:119)
	at org.eclipse.jetty.server.handler.HandlerWrapper.handle(HandlerWrapper.java:134)
	at org.eclipse.jetty.server.Server.handle(Server.java:523)
	at org.eclipse.jetty.server.HttpChannel.handle(HttpChannel.java:320)
	at org.eclipse.jetty.server.HttpConnection.onFillable(HttpConnection.java:251)
	at org.eclipse.jetty.io.AbstractConnection$ReadCallback.succeeded(AbstractConnection.java:273)
	at org.eclipse.jetty.io.FillInterest.fillable(FillInterest.java:95)
	at org.eclipse.jetty.io.SelectChannelEndPoint$2.run(SelectChannelEndPoint.java:93)
	at org.eclipse.jetty.util.thread.strategy.ExecuteProduceConsume.executeProduceConsume(ExecuteProduceConsume.java:303)
	at org.eclipse.jetty.util.thread.strategy.ExecuteProduceConsume.produceConsume(ExecuteProduceConsume.java:148)
	at org.eclipse.jetty.util.thread.strategy.ExecuteProduceConsume.run(ExecuteProduceConsume.java:136)
	at org.eclipse.jetty.util.thread.QueuedThreadPool.runJob(QueuedThreadPool.java:671)
	at org.eclipse.jetty.util.thread.QueuedThreadPool$2.run(QueuedThreadPool.java:589)
	at java.lang.Thread.run(Thread.java:745)
Caused by: java.lang.NoClassDefFoundError: org/hibernate/engine/transaction/spi/TransactionContext
	at org.springframework.orm.hibernate4.HibernateTransactionManager.isSameConnectionForEntireSession(HibernateTransactionManager.java:711)
	at org.springframework.orm.hibernate4.HibernateTransactionManager.doBegin(HibernateTransactionManager.java:445)
	... 49 more
Caused by: java.lang.ClassNotFoundException: org.hibernate.engine.transaction.spi.TransactionContext
	at org.codehaus.plexus.classworlds.strategy.SelfFirstStrategy.loadClass(SelfFirstStrategy.java:50)
	at org.codehaus.plexus.classworlds.realm.ClassRealm.unsynchronizedLoadClass(ClassRealm.java:271)
	at org.codehaus.plexus.classworlds.realm.ClassRealm.loadClass(ClassRealm.java:247)
	at org.codehaus.plexus.classworlds.realm.ClassRealm.loadClass(ClassRealm.java:239)
	at org.eclipse.jetty.webapp.WebAppClassLoader.loadClass(WebAppClassLoader.java:487)
	at org.eclipse.jetty.webapp.WebAppClassLoader.loadClass(WebAppClassLoader.java:428)
	... 51 more
2016-12-02 13:23:21,026 ERROR [qtp1392271025-12] (TransactionAspectSupport.java:530)     - Application exception overridden by rollback exception
java.lang.IllegalStateException: Already value [org.springframework.orm.hibernate5.SessionHolder@4d291fa7] for key [org.hibernate.internal.SessionFactoryImpl@5ca2294b] bound to thread [qtp1392271025-12]
	at org.springframework.transaction.support.TransactionSynchronizationManager.bindResource(TransactionSynchronizationManager.java:190)
	at org.springframework.orm.hibernate4.SpringSessionContext.currentSession(SpringSessionContext.java:129)
	at org.hibernate.internal.SessionFactoryImpl.getCurrentSession(SessionFactoryImpl.java:456)
	at org.n2.app.beans.hibernate.CustomHibernateDaoSupport.getSession(CustomHibernateDaoSupport.java:36)
	at org.n2.app.beans.hibernate.UserDao.findByExample(UserDao.java:76)
	at org.n2.app.beans.hibernate.UserDao.findByExample(UserDao.java:1)
	at org.n2.app.beans.UserService.isUsernameAvailable(UserService.java:94)
	at sun.reflect.NativeMethodAccessorImpl.invoke0(Native Method)
	at sun.reflect.NativeMethodAccessorImpl.invoke(NativeMethodAccessorImpl.java:62)
	at sun.reflect.DelegatingMethodAccessorImpl.invoke(DelegatingMethodAccessorImpl.java:43)
	at java.lang.reflect.Method.invoke(Method.java:498)
	at org.springframework.aop.support.AopUtils.invokeJoinpointUsingReflection(AopUtils.java:333)
	at org.springframework.aop.framework.ReflectiveMethodInvocation.invokeJoinpoint(ReflectiveMethodInvocation.java:190)
	at org.springframework.aop.framework.ReflectiveMethodInvocation.proceed(ReflectiveMethodInvocation.java:157)
	at org.springframework.transaction.interceptor.TransactionInterceptor$1.proceedWithInvocation(TransactionInterceptor.java:99)
	at org.springframework.transaction.interceptor.TransactionAspectSupport.invokeWithinTransaction(TransactionAspectSupport.java:282)
	at org.springframework.transaction.interceptor.TransactionInterceptor.invoke(TransactionInterceptor.java:96)
	at org.springframework.aop.framework.ReflectiveMethodInvocation.proceed(ReflectiveMethodInvocation.java:179)
	at org.springframework.aop.framework.JdkDynamicAopProxy.invoke(JdkDynamicAopProxy.java:213)
	at com.sun.proxy.$Proxy38.isUsernameAvailable(Unknown Source)
	at org.n2.app.beans.UserValidator.validate(UserValidator.java:48)
	at javax.faces.component.UIInput.validateValue(UIInput.java:1164)
	at javax.faces.component.UIInput.validate(UIInput.java:982)
	at javax.faces.component.UIInput.executeValidate(UIInput.java:1248)
	at javax.faces.component.UIInput.processValidators(UIInput.java:712)
	at com.sun.faces.context.PartialViewContextImpl$PhaseAwareVisitCallback.visit(PartialViewContextImpl.java:575)
	at com.sun.faces.component.visit.PartialVisitContext.invokeVisitCallback(PartialVisitContext.java:183)
	at javax.faces.component.UIComponent.visitTree(UIComponent.java:1689)
	at javax.faces.component.UIComponent.visitTree(UIComponent.java:1700)
	at javax.faces.component.UIComponent.visitTree(UIComponent.java:1700)
	at javax.faces.component.UIForm.visitTree(UIForm.java:371)
	at javax.faces.component.UIComponent.visitTree(UIComponent.java:1700)
	at javax.faces.component.UIComponent.visitTree(UIComponent.java:1700)
	at javax.faces.component.UIComponent.visitTree(UIComponent.java:1700)
	at javax.faces.component.UIComponent.visitTree(UIComponent.java:1700)
	at com.sun.faces.context.PartialViewContextImpl.processComponents(PartialViewContextImpl.java:403)
	at com.sun.faces.context.PartialViewContextImpl.processPartial(PartialViewContextImpl.java:266)
	at org.primefaces.context.PrimePartialViewContext.processPartial(PrimePartialViewContext.java:57)
	at javax.faces.component.UIViewRoot.processValidators(UIViewRoot.java:1193)
	at com.sun.faces.lifecycle.ProcessValidationsPhase.execute(ProcessValidationsPhase.java:76)
	at com.sun.faces.lifecycle.Phase.doPhase(Phase.java:101)
	at com.sun.faces.lifecycle.LifecycleImpl.execute(LifecycleImpl.java:198)
	at javax.faces.webapp.FacesServlet.service(FacesServlet.java:658)
	at org.eclipse.jetty.servlet.ServletHolder.handle(ServletHolder.java:837)
	at org.eclipse.jetty.servlet.ServletHandler.doHandle(ServletHandler.java:583)
	at org.eclipse.jetty.server.handler.ScopedHandler.handle(ScopedHandler.java:143)
	at org.eclipse.jetty.security.SecurityHandler.handle(SecurityHandler.java:548)
	at org.eclipse.jetty.server.session.SessionHandler.doHandle(SessionHandler.java:226)
	at org.eclipse.jetty.server.handler.ContextHandler.doHandle(ContextHandler.java:1180)
	at org.eclipse.jetty.servlet.ServletHandler.doScope(ServletHandler.java:511)
	at org.eclipse.jetty.server.session.SessionHandler.doScope(SessionHandler.java:185)
	at org.eclipse.jetty.server.handler.ContextHandler.doScope(ContextHandler.java:1112)
	at org.eclipse.jetty.server.handler.ScopedHandler.handle(ScopedHandler.java:141)
	at org.eclipse.jetty.server.handler.ContextHandlerCollection.handle(ContextHandlerCollection.java:213)
	at org.eclipse.jetty.server.handler.HandlerCollection.handle(HandlerCollection.java:119)
	at org.eclipse.jetty.server.handler.HandlerWrapper.handle(HandlerWrapper.java:134)
	at org.eclipse.jetty.server.Server.handle(Server.java:523)
	at org.eclipse.jetty.server.HttpChannel.handle(HttpChannel.java:320)
	at org.eclipse.jetty.server.HttpConnection.onFillable(HttpConnection.java:251)
	at org.eclipse.jetty.io.AbstractConnection$ReadCallback.succeeded(AbstractConnection.java:273)
	at org.eclipse.jetty.io.FillInterest.fillable(FillInterest.java:95)
	at org.eclipse.jetty.io.SelectChannelEndPoint$2.run(SelectChannelEndPoint.java:93)
	at org.eclipse.jetty.util.thread.strategy.ExecuteProduceConsume.executeProduceConsume(ExecuteProduceConsume.java:303)
	at org.eclipse.jetty.util.thread.strategy.ExecuteProduceConsume.produceConsume(ExecuteProduceConsume.java:148)
	at org.eclipse.jetty.util.thread.strategy.ExecuteProduceConsume.run(ExecuteProduceConsume.java:136)
	at org.eclipse.jetty.util.thread.QueuedThreadPool.runJob(QueuedThreadPool.java:671)
	at org.eclipse.jetty.util.thread.QueuedThreadPool$2.run(QueuedThreadPool.java:589)
	at java.lang.Thread.run(Thread.java:745)
2016-12-02 13:23:31,667 ERROR [qtp1392271025-17] (TransactionAspectSupport.java:530)     - Application exception overridden by rollback exception
java.lang.IllegalStateException: Already value [org.springframework.orm.hibernate5.SessionHolder@3b518ca3] for key [org.hibernate.internal.SessionFactoryImpl@5ca2294b] bound to thread [qtp1392271025-17]
	at org.springframework.transaction.support.TransactionSynchronizationManager.bindResource(TransactionSynchronizationManager.java:190)
	at org.springframework.orm.hibernate4.SpringSessionContext.currentSession(SpringSessionContext.java:129)
	at org.hibernate.internal.SessionFactoryImpl.getCurrentSession(SessionFactoryImpl.java:456)
	at org.n2.app.beans.hibernate.CustomHibernateDaoSupport.getSession(CustomHibernateDaoSupport.java:36)
	at org.n2.app.beans.hibernate.UserDao.findByExample(UserDao.java:76)
	at org.n2.app.beans.hibernate.UserDao.findByExample(UserDao.java:1)
	at org.n2.app.beans.UserService.isUsernameAvailable(UserService.java:94)
	at sun.reflect.NativeMethodAccessorImpl.invoke0(Native Method)
	at sun.reflect.NativeMethodAccessorImpl.invoke(NativeMethodAccessorImpl.java:62)
	at sun.reflect.DelegatingMethodAccessorImpl.invoke(DelegatingMethodAccessorImpl.java:43)
	at java.lang.reflect.Method.invoke(Method.java:498)
	at org.springframework.aop.support.AopUtils.invokeJoinpointUsingReflection(AopUtils.java:333)
	at org.springframework.aop.framework.ReflectiveMethodInvocation.invokeJoinpoint(ReflectiveMethodInvocation.java:190)
	at org.springframework.aop.framework.ReflectiveMethodInvocation.proceed(ReflectiveMethodInvocation.java:157)
	at org.springframework.transaction.interceptor.TransactionInterceptor$1.proceedWithInvocation(TransactionInterceptor.java:99)
	at org.springframework.transaction.interceptor.TransactionAspectSupport.invokeWithinTransaction(TransactionAspectSupport.java:282)
	at org.springframework.transaction.interceptor.TransactionInterceptor.invoke(TransactionInterceptor.java:96)
	at org.springframework.aop.framework.ReflectiveMethodInvocation.proceed(ReflectiveMethodInvocation.java:179)
	at org.springframework.aop.framework.JdkDynamicAopProxy.invoke(JdkDynamicAopProxy.java:213)
	at com.sun.proxy.$Proxy38.isUsernameAvailable(Unknown Source)
	at org.n2.app.beans.UserValidator.validate(UserValidator.java:48)
	at javax.faces.component.UIInput.validateValue(UIInput.java:1164)
	at javax.faces.component.UIInput.validate(UIInput.java:982)
	at javax.faces.component.UIInput.executeValidate(UIInput.java:1248)
	at javax.faces.component.UIInput.processValidators(UIInput.java:712)
	at javax.faces.component.UIComponentBase.processValidators(UIComponentBase.java:1261)
	at javax.faces.component.UIForm.processValidators(UIForm.java:253)
	at javax.faces.component.UIComponentBase.processValidators(UIComponentBase.java:1261)
	at javax.faces.component.UIComponentBase.processValidators(UIComponentBase.java:1261)
	at javax.faces.component.UIComponentBase.processValidators(UIComponentBase.java:1261)
	at javax.faces.component.UIComponentBase.processValidators(UIComponentBase.java:1261)
	at javax.faces.component.UIViewRoot.processValidators(UIViewRoot.java:1195)
	at com.sun.faces.lifecycle.ProcessValidationsPhase.execute(ProcessValidationsPhase.java:76)
	at com.sun.faces.lifecycle.Phase.doPhase(Phase.java:101)
	at com.sun.faces.lifecycle.LifecycleImpl.execute(LifecycleImpl.java:198)
	at javax.faces.webapp.FacesServlet.service(FacesServlet.java:658)
	at org.eclipse.jetty.servlet.ServletHolder.handle(ServletHolder.java:837)
	at org.eclipse.jetty.servlet.ServletHandler.doHandle(ServletHandler.java:583)
	at org.eclipse.jetty.server.handler.ScopedHandler.handle(ScopedHandler.java:143)
	at org.eclipse.jetty.security.SecurityHandler.handle(SecurityHandler.java:548)
	at org.eclipse.jetty.server.session.SessionHandler.doHandle(SessionHandler.java:226)
	at org.eclipse.jetty.server.handler.ContextHandler.doHandle(ContextHandler.java:1180)
	at org.eclipse.jetty.servlet.ServletHandler.doScope(ServletHandler.java:511)
	at org.eclipse.jetty.server.session.SessionHandler.doScope(SessionHandler.java:185)
	at org.eclipse.jetty.server.handler.ContextHandler.doScope(ContextHandler.java:1112)
	at org.eclipse.jetty.server.handler.ScopedHandler.handle(ScopedHandler.java:141)
	at org.eclipse.jetty.server.handler.ContextHandlerCollection.handle(ContextHandlerCollection.java:213)
	at org.eclipse.jetty.server.handler.HandlerCollection.handle(HandlerCollection.java:119)
	at org.eclipse.jetty.server.handler.HandlerWrapper.handle(HandlerWrapper.java:134)
	at org.eclipse.jetty.server.Server.handle(Server.java:523)
	at org.eclipse.jetty.server.HttpChannel.handle(HttpChannel.java:320)
	at org.eclipse.jetty.server.HttpConnection.onFillable(HttpConnection.java:251)
	at org.eclipse.jetty.io.AbstractConnection$ReadCallback.succeeded(AbstractConnection.java:273)
	at org.eclipse.jetty.io.FillInterest.fillable(FillInterest.java:95)
	at org.eclipse.jetty.io.SelectChannelEndPoint$2.run(SelectChannelEndPoint.java:93)
	at org.eclipse.jetty.util.thread.strategy.ExecuteProduceConsume.executeProduceConsume(ExecuteProduceConsume.java:303)
	at org.eclipse.jetty.util.thread.strategy.ExecuteProduceConsume.produceConsume(ExecuteProduceConsume.java:148)
	at org.eclipse.jetty.util.thread.strategy.ExecuteProduceConsume.run(ExecuteProduceConsume.java:136)
	at org.eclipse.jetty.util.thread.QueuedThreadPool.runJob(QueuedThreadPool.java:671)
	at org.eclipse.jetty.util.thread.QueuedThreadPool$2.run(QueuedThreadPool.java:589)
	at java.lang.Thread.run(Thread.java:745)
2016-12-02 13:23:40,020 ERROR [qtp1392271025-13] (TransactionAspectSupport.java:530)     - Application exception overridden by rollback exception
java.lang.IllegalStateException: Already value [org.springframework.orm.hibernate5.SessionHolder@7059c8bb] for key [org.hibernate.internal.SessionFactoryImpl@5ca2294b] bound to thread [qtp1392271025-13]
	at org.springframework.transaction.support.TransactionSynchronizationManager.bindResource(TransactionSynchronizationManager.java:190)
	at org.springframework.orm.hibernate4.SpringSessionContext.currentSession(SpringSessionContext.java:129)
	at org.hibernate.internal.SessionFactoryImpl.getCurrentSession(SessionFactoryImpl.java:456)
	at org.n2.app.beans.hibernate.CustomHibernateDaoSupport.getSession(CustomHibernateDaoSupport.java:36)
	at org.n2.app.beans.hibernate.UserDao.findByExample(UserDao.java:76)
	at org.n2.app.beans.hibernate.UserDao.findByExample(UserDao.java:1)
	at org.n2.app.beans.UserService.isUsernameAvailable(UserService.java:94)
	at sun.reflect.NativeMethodAccessorImpl.invoke0(Native Method)
	at sun.reflect.NativeMethodAccessorImpl.invoke(NativeMethodAccessorImpl.java:62)
	at sun.reflect.DelegatingMethodAccessorImpl.invoke(DelegatingMethodAccessorImpl.java:43)
	at java.lang.reflect.Method.invoke(Method.java:498)
	at org.springframework.aop.support.AopUtils.invokeJoinpointUsingReflection(AopUtils.java:333)
	at org.springframework.aop.framework.ReflectiveMethodInvocation.invokeJoinpoint(ReflectiveMethodInvocation.java:190)
	at org.springframework.aop.framework.ReflectiveMethodInvocation.proceed(ReflectiveMethodInvocation.java:157)
	at org.springframework.transaction.interceptor.TransactionInterceptor$1.proceedWithInvocation(TransactionInterceptor.java:99)
	at org.springframework.transaction.interceptor.TransactionAspectSupport.invokeWithinTransaction(TransactionAspectSupport.java:282)
	at org.springframework.transaction.interceptor.TransactionInterceptor.invoke(TransactionInterceptor.java:96)
	at org.springframework.aop.framework.ReflectiveMethodInvocation.proceed(ReflectiveMethodInvocation.java:179)
	at org.springframework.aop.framework.JdkDynamicAopProxy.invoke(JdkDynamicAopProxy.java:213)
	at com.sun.proxy.$Proxy38.isUsernameAvailable(Unknown Source)
	at org.n2.app.beans.UserValidator.validate(UserValidator.java:48)
	at org.n2.app.beans.EmailValidator.validate(EmailValidator.java:68)
	at javax.faces.component.UIInput.validateValue(UIInput.java:1164)
	at javax.faces.component.UIInput.validate(UIInput.java:982)
	at javax.faces.component.UIInput.executeValidate(UIInput.java:1248)
	at javax.faces.component.UIInput.processValidators(UIInput.java:712)
	at com.sun.faces.context.PartialViewContextImpl$PhaseAwareVisitCallback.visit(PartialViewContextImpl.java:575)
	at com.sun.faces.component.visit.PartialVisitContext.invokeVisitCallback(PartialVisitContext.java:183)
	at javax.faces.component.UIComponent.visitTree(UIComponent.java:1689)
	at javax.faces.component.UIComponent.visitTree(UIComponent.java:1700)
	at javax.faces.component.UIComponent.visitTree(UIComponent.java:1700)
	at javax.faces.component.UIForm.visitTree(UIForm.java:371)
	at javax.faces.component.UIComponent.visitTree(UIComponent.java:1700)
	at javax.faces.component.UIComponent.visitTree(UIComponent.java:1700)
	at javax.faces.component.UIComponent.visitTree(UIComponent.java:1700)
	at javax.faces.component.UIComponent.visitTree(UIComponent.java:1700)
	at com.sun.faces.context.PartialViewContextImpl.processComponents(PartialViewContextImpl.java:403)
	at com.sun.faces.context.PartialViewContextImpl.processPartial(PartialViewContextImpl.java:266)
	at org.primefaces.context.PrimePartialViewContext.processPartial(PrimePartialViewContext.java:57)
	at javax.faces.component.UIViewRoot.processValidators(UIViewRoot.java:1193)
	at com.sun.faces.lifecycle.ProcessValidationsPhase.execute(ProcessValidationsPhase.java:76)
	at com.sun.faces.lifecycle.Phase.doPhase(Phase.java:101)
	at com.sun.faces.lifecycle.LifecycleImpl.execute(LifecycleImpl.java:198)
	at javax.faces.webapp.FacesServlet.service(FacesServlet.java:658)
	at org.eclipse.jetty.servlet.ServletHolder.handle(ServletHolder.java:837)
	at org.eclipse.jetty.servlet.ServletHandler.doHandle(ServletHandler.java:583)
	at org.eclipse.jetty.server.handler.ScopedHandler.handle(ScopedHandler.java:143)
	at org.eclipse.jetty.security.SecurityHandler.handle(SecurityHandler.java:548)
	at org.eclipse.jetty.server.session.SessionHandler.doHandle(SessionHandler.java:226)
	at org.eclipse.jetty.server.handler.ContextHandler.doHandle(ContextHandler.java:1180)
	at org.eclipse.jetty.servlet.ServletHandler.doScope(ServletHandler.java:511)
	at org.eclipse.jetty.server.session.SessionHandler.doScope(SessionHandler.java:185)
	at org.eclipse.jetty.server.handler.ContextHandler.doScope(ContextHandler.java:1112)
	at org.eclipse.jetty.server.handler.ScopedHandler.handle(ScopedHandler.java:141)
	at org.eclipse.jetty.server.handler.ContextHandlerCollection.handle(ContextHandlerCollection.java:213)
	at org.eclipse.jetty.server.handler.HandlerCollection.handle(HandlerCollection.java:119)
	at org.eclipse.jetty.server.handler.HandlerWrapper.handle(HandlerWrapper.java:134)
	at org.eclipse.jetty.server.Server.handle(Server.java:523)
	at org.eclipse.jetty.server.HttpChannel.handle(HttpChannel.java:320)
	at org.eclipse.jetty.server.HttpConnection.onFillable(HttpConnection.java:251)
	at org.eclipse.jetty.io.AbstractConnection$ReadCallback.succeeded(AbstractConnection.java:273)
	at org.eclipse.jetty.io.FillInterest.fillable(FillInterest.java:95)
	at org.eclipse.jetty.io.SelectChannelEndPoint$2.run(SelectChannelEndPoint.java:93)
	at org.eclipse.jetty.util.thread.strategy.ExecuteProduceConsume.executeProduceConsume(ExecuteProduceConsume.java:303)
	at org.eclipse.jetty.util.thread.strategy.ExecuteProduceConsume.produceConsume(ExecuteProduceConsume.java:148)
	at org.eclipse.jetty.util.thread.strategy.ExecuteProduceConsume.run(ExecuteProduceConsume.java:136)
	at org.eclipse.jetty.util.thread.QueuedThreadPool.runJob(QueuedThreadPool.java:671)
	at org.eclipse.jetty.util.thread.QueuedThreadPool$2.run(QueuedThreadPool.java:589)
	at java.lang.Thread.run(Thread.java:745)
2016-12-02 13:23:49,599 ERROR [qtp1392271025-18] (TransactionAspectSupport.java:530)     - Application exception overridden by rollback exception
java.lang.IllegalStateException: Already value [org.springframework.orm.hibernate5.SessionHolder@7cdd4602] for key [org.hibernate.internal.SessionFactoryImpl@5ca2294b] bound to thread [qtp1392271025-18]
	at org.springframework.transaction.support.TransactionSynchronizationManager.bindResource(TransactionSynchronizationManager.java:190)
	at org.springframework.orm.hibernate4.SpringSessionContext.currentSession(SpringSessionContext.java:129)
	at org.hibernate.internal.SessionFactoryImpl.getCurrentSession(SessionFactoryImpl.java:456)
	at org.n2.app.beans.hibernate.CustomHibernateDaoSupport.getSession(CustomHibernateDaoSupport.java:36)
	at org.n2.app.beans.hibernate.UserDao.findByExample(UserDao.java:76)
	at org.n2.app.beans.hibernate.UserDao.findByExample(UserDao.java:1)
	at org.n2.app.beans.UserService.isUsernameAvailable(UserService.java:94)
	at sun.reflect.NativeMethodAccessorImpl.invoke0(Native Method)
	at sun.reflect.NativeMethodAccessorImpl.invoke(NativeMethodAccessorImpl.java:62)
	at sun.reflect.DelegatingMethodAccessorImpl.invoke(DelegatingMethodAccessorImpl.java:43)
	at java.lang.reflect.Method.invoke(Method.java:498)
	at org.springframework.aop.support.AopUtils.invokeJoinpointUsingReflection(AopUtils.java:333)
	at org.springframework.aop.framework.ReflectiveMethodInvocation.invokeJoinpoint(ReflectiveMethodInvocation.java:190)
	at org.springframework.aop.framework.ReflectiveMethodInvocation.proceed(ReflectiveMethodInvocation.java:157)
	at org.springframework.transaction.interceptor.TransactionInterceptor$1.proceedWithInvocation(TransactionInterceptor.java:99)
	at org.springframework.transaction.interceptor.TransactionAspectSupport.invokeWithinTransaction(TransactionAspectSupport.java:282)
	at org.springframework.transaction.interceptor.TransactionInterceptor.invoke(TransactionInterceptor.java:96)
	at org.springframework.aop.framework.ReflectiveMethodInvocation.proceed(ReflectiveMethodInvocation.java:179)
	at org.springframework.aop.framework.JdkDynamicAopProxy.invoke(JdkDynamicAopProxy.java:213)
	at com.sun.proxy.$Proxy38.isUsernameAvailable(Unknown Source)
	at org.n2.app.beans.UserValidator.validate(UserValidator.java:48)
	at javax.faces.component.UIInput.validateValue(UIInput.java:1164)
	at javax.faces.component.UIInput.validate(UIInput.java:982)
	at javax.faces.component.UIInput.executeValidate(UIInput.java:1248)
	at javax.faces.component.UIInput.processValidators(UIInput.java:712)
	at javax.faces.component.UIComponentBase.processValidators(UIComponentBase.java:1261)
	at javax.faces.component.UIForm.processValidators(UIForm.java:253)
	at javax.faces.component.UIComponentBase.processValidators(UIComponentBase.java:1261)
	at javax.faces.component.UIComponentBase.processValidators(UIComponentBase.java:1261)
	at javax.faces.component.UIComponentBase.processValidators(UIComponentBase.java:1261)
	at javax.faces.component.UIComponentBase.processValidators(UIComponentBase.java:1261)
	at javax.faces.component.UIViewRoot.processValidators(UIViewRoot.java:1195)
	at com.sun.faces.lifecycle.ProcessValidationsPhase.execute(ProcessValidationsPhase.java:76)
	at com.sun.faces.lifecycle.Phase.doPhase(Phase.java:101)
	at com.sun.faces.lifecycle.LifecycleImpl.execute(LifecycleImpl.java:198)
	at javax.faces.webapp.FacesServlet.service(FacesServlet.java:658)
	at org.eclipse.jetty.servlet.ServletHolder.handle(ServletHolder.java:837)
	at org.eclipse.jetty.servlet.ServletHandler.doHandle(ServletHandler.java:583)
	at org.eclipse.jetty.server.handler.ScopedHandler.handle(ScopedHandler.java:143)
	at org.eclipse.jetty.security.SecurityHandler.handle(SecurityHandler.java:548)
	at org.eclipse.jetty.server.session.SessionHandler.doHandle(SessionHandler.java:226)
	at org.eclipse.jetty.server.handler.ContextHandler.doHandle(ContextHandler.java:1180)
	at org.eclipse.jetty.servlet.ServletHandler.doScope(ServletHandler.java:511)
	at org.eclipse.jetty.server.session.SessionHandler.doScope(SessionHandler.java:185)
	at org.eclipse.jetty.server.handler.ContextHandler.doScope(ContextHandler.java:1112)
	at org.eclipse.jetty.server.handler.ScopedHandler.handle(ScopedHandler.java:141)
	at org.eclipse.jetty.server.handler.ContextHandlerCollection.handle(ContextHandlerCollection.java:213)
	at org.eclipse.jetty.server.handler.HandlerCollection.handle(HandlerCollection.java:119)
	at org.eclipse.jetty.server.handler.HandlerWrapper.handle(HandlerWrapper.java:134)
	at org.eclipse.jetty.server.Server.handle(Server.java:523)
	at org.eclipse.jetty.server.HttpChannel.handle(HttpChannel.java:320)
	at org.eclipse.jetty.server.HttpConnection.onFillable(HttpConnection.java:251)
	at org.eclipse.jetty.io.AbstractConnection$ReadCallback.succeeded(AbstractConnection.java:273)
	at org.eclipse.jetty.io.FillInterest.fillable(FillInterest.java:95)
	at org.eclipse.jetty.io.SelectChannelEndPoint$2.run(SelectChannelEndPoint.java:93)
	at org.eclipse.jetty.util.thread.strategy.ExecuteProduceConsume.executeProduceConsume(ExecuteProduceConsume.java:303)
	at org.eclipse.jetty.util.thread.strategy.ExecuteProduceConsume.produceConsume(ExecuteProduceConsume.java:148)
	at org.eclipse.jetty.util.thread.strategy.ExecuteProduceConsume.run(ExecuteProduceConsume.java:136)
	at org.eclipse.jetty.util.thread.QueuedThreadPool.runJob(QueuedThreadPool.java:671)
	at org.eclipse.jetty.util.thread.QueuedThreadPool$2.run(QueuedThreadPool.java:589)
	at java.lang.Thread.run(Thread.java:745)
2016-12-02 13:23:53,124 ERROR [qtp1392271025-11] (TransactionAspectSupport.java:530)     - Application exception overridden by rollback exception
java.lang.IllegalStateException: Already value [org.springframework.orm.hibernate5.SessionHolder@69329d63] for key [org.hibernate.internal.SessionFactoryImpl@5ca2294b] bound to thread [qtp1392271025-11]
	at org.springframework.transaction.support.TransactionSynchronizationManager.bindResource(TransactionSynchronizationManager.java:190)
	at org.springframework.orm.hibernate4.SpringSessionContext.currentSession(SpringSessionContext.java:129)
	at org.hibernate.internal.SessionFactoryImpl.getCurrentSession(SessionFactoryImpl.java:456)
	at org.n2.app.beans.hibernate.CustomHibernateDaoSupport.getSession(CustomHibernateDaoSupport.java:36)
	at org.n2.app.beans.hibernate.UserDao.findByExample(UserDao.java:76)
	at org.n2.app.beans.hibernate.UserDao.findByExample(UserDao.java:1)
	at org.n2.app.beans.UserService.isUsernameAvailable(UserService.java:94)
	at sun.reflect.NativeMethodAccessorImpl.invoke0(Native Method)
	at sun.reflect.NativeMethodAccessorImpl.invoke(NativeMethodAccessorImpl.java:62)
	at sun.reflect.DelegatingMethodAccessorImpl.invoke(DelegatingMethodAccessorImpl.java:43)
	at java.lang.reflect.Method.invoke(Method.java:498)
	at org.springframework.aop.support.AopUtils.invokeJoinpointUsingReflection(AopUtils.java:333)
	at org.springframework.aop.framework.ReflectiveMethodInvocation.invokeJoinpoint(ReflectiveMethodInvocation.java:190)
	at org.springframework.aop.framework.ReflectiveMethodInvocation.proceed(ReflectiveMethodInvocation.java:157)
	at org.springframework.transaction.interceptor.TransactionInterceptor$1.proceedWithInvocation(TransactionInterceptor.java:99)
	at org.springframework.transaction.interceptor.TransactionAspectSupport.invokeWithinTransaction(TransactionAspectSupport.java:282)
	at org.springframework.transaction.interceptor.TransactionInterceptor.invoke(TransactionInterceptor.java:96)
	at org.springframework.aop.framework.ReflectiveMethodInvocation.proceed(ReflectiveMethodInvocation.java:179)
	at org.springframework.aop.framework.JdkDynamicAopProxy.invoke(JdkDynamicAopProxy.java:213)
	at com.sun.proxy.$Proxy38.isUsernameAvailable(Unknown Source)
	at org.n2.app.beans.UserValidator.validate(UserValidator.java:48)
	at org.n2.app.beans.EmailValidator.validate(EmailValidator.java:68)
	at javax.faces.component.UIInput.validateValue(UIInput.java:1164)
	at javax.faces.component.UIInput.validate(UIInput.java:982)
	at javax.faces.component.UIInput.executeValidate(UIInput.java:1248)
	at javax.faces.component.UIInput.processValidators(UIInput.java:712)
	at com.sun.faces.context.PartialViewContextImpl$PhaseAwareVisitCallback.visit(PartialViewContextImpl.java:575)
	at com.sun.faces.component.visit.PartialVisitContext.invokeVisitCallback(PartialVisitContext.java:183)
	at javax.faces.component.UIComponent.visitTree(UIComponent.java:1689)
	at javax.faces.component.UIComponent.visitTree(UIComponent.java:1700)
	at javax.faces.component.UIComponent.visitTree(UIComponent.java:1700)
	at javax.faces.component.UIForm.visitTree(UIForm.java:371)
	at javax.faces.component.UIComponent.visitTree(UIComponent.java:1700)
	at javax.faces.component.UIComponent.visitTree(UIComponent.java:1700)
	at javax.faces.component.UIComponent.visitTree(UIComponent.java:1700)
	at javax.faces.component.UIComponent.visitTree(UIComponent.java:1700)
	at com.sun.faces.context.PartialViewContextImpl.processComponents(PartialViewContextImpl.java:403)
	at com.sun.faces.context.PartialViewContextImpl.processPartial(PartialViewContextImpl.java:266)
	at org.primefaces.context.PrimePartialViewContext.processPartial(PrimePartialViewContext.java:57)
	at javax.faces.component.UIViewRoot.processValidators(UIViewRoot.java:1193)
	at com.sun.faces.lifecycle.ProcessValidationsPhase.execute(ProcessValidationsPhase.java:76)
	at com.sun.faces.lifecycle.Phase.doPhase(Phase.java:101)
	at com.sun.faces.lifecycle.LifecycleImpl.execute(LifecycleImpl.java:198)
	at javax.faces.webapp.FacesServlet.service(FacesServlet.java:658)
	at org.eclipse.jetty.servlet.ServletHolder.handle(ServletHolder.java:837)
	at org.eclipse.jetty.servlet.ServletHandler.doHandle(ServletHandler.java:583)
	at org.eclipse.jetty.server.handler.ScopedHandler.handle(ScopedHandler.java:143)
	at org.eclipse.jetty.security.SecurityHandler.handle(SecurityHandler.java:548)
	at org.eclipse.jetty.server.session.SessionHandler.doHandle(SessionHandler.java:226)
	at org.eclipse.jetty.server.handler.ContextHandler.doHandle(ContextHandler.java:1180)
	at org.eclipse.jetty.servlet.ServletHandler.doScope(ServletHandler.java:511)
	at org.eclipse.jetty.server.session.SessionHandler.doScope(SessionHandler.java:185)
	at org.eclipse.jetty.server.handler.ContextHandler.doScope(ContextHandler.java:1112)
	at org.eclipse.jetty.server.handler.ScopedHandler.handle(ScopedHandler.java:141)
	at org.eclipse.jetty.server.handler.ContextHandlerCollection.handle(ContextHandlerCollection.java:213)
	at org.eclipse.jetty.server.handler.HandlerCollection.handle(HandlerCollection.java:119)
	at org.eclipse.jetty.server.handler.HandlerWrapper.handle(HandlerWrapper.java:134)
	at org.eclipse.jetty.server.Server.handle(Server.java:523)
	at org.eclipse.jetty.server.HttpChannel.handle(HttpChannel.java:320)
	at org.eclipse.jetty.server.HttpConnection.onFillable(HttpConnection.java:251)
	at org.eclipse.jetty.io.AbstractConnection$ReadCallback.succeeded(AbstractConnection.java:273)
	at org.eclipse.jetty.io.FillInterest.fillable(FillInterest.java:95)
	at org.eclipse.jetty.io.SelectChannelEndPoint$2.run(SelectChannelEndPoint.java:93)
	at org.eclipse.jetty.util.thread.strategy.ExecuteProduceConsume.executeProduceConsume(ExecuteProduceConsume.java:303)
	at org.eclipse.jetty.util.thread.strategy.ExecuteProduceConsume.produceConsume(ExecuteProduceConsume.java:148)
	at org.eclipse.jetty.util.thread.strategy.ExecuteProduceConsume.run(ExecuteProduceConsume.java:136)
	at org.eclipse.jetty.util.thread.QueuedThreadPool.runJob(QueuedThreadPool.java:671)
	at org.eclipse.jetty.util.thread.QueuedThreadPool$2.run(QueuedThreadPool.java:589)
	at java.lang.Thread.run(Thread.java:745)
2016-12-02 13:24:04,657 ERROR [qtp1392271025-23] (TransactionAspectSupport.java:530)     - Application exception overridden by rollback exception
java.lang.IllegalStateException: Already value [org.springframework.orm.hibernate5.SessionHolder@6701846b] for key [org.hibernate.internal.SessionFactoryImpl@5ca2294b] bound to thread [qtp1392271025-23]
	at org.springframework.transaction.support.TransactionSynchronizationManager.bindResource(TransactionSynchronizationManager.java:190)
	at org.springframework.orm.hibernate4.SpringSessionContext.currentSession(SpringSessionContext.java:129)
	at org.hibernate.internal.SessionFactoryImpl.getCurrentSession(SessionFactoryImpl.java:456)
	at org.n2.app.beans.hibernate.CustomHibernateDaoSupport.getSession(CustomHibernateDaoSupport.java:36)
	at org.n2.app.beans.hibernate.UserDao.findByExample(UserDao.java:76)
	at org.n2.app.beans.hibernate.UserDao.findByExample(UserDao.java:1)
	at org.n2.app.beans.UserService.isUsernameAvailable(UserService.java:94)
	at sun.reflect.NativeMethodAccessorImpl.invoke0(Native Method)
	at sun.reflect.NativeMethodAccessorImpl.invoke(NativeMethodAccessorImpl.java:62)
	at sun.reflect.DelegatingMethodAccessorImpl.invoke(DelegatingMethodAccessorImpl.java:43)
	at java.lang.reflect.Method.invoke(Method.java:498)
	at org.springframework.aop.support.AopUtils.invokeJoinpointUsingReflection(AopUtils.java:333)
	at org.springframework.aop.framework.ReflectiveMethodInvocation.invokeJoinpoint(ReflectiveMethodInvocation.java:190)
	at org.springframework.aop.framework.ReflectiveMethodInvocation.proceed(ReflectiveMethodInvocation.java:157)
	at org.springframework.transaction.interceptor.TransactionInterceptor$1.proceedWithInvocation(TransactionInterceptor.java:99)
	at org.springframework.transaction.interceptor.TransactionAspectSupport.invokeWithinTransaction(TransactionAspectSupport.java:282)
	at org.springframework.transaction.interceptor.TransactionInterceptor.invoke(TransactionInterceptor.java:96)
	at org.springframework.aop.framework.ReflectiveMethodInvocation.proceed(ReflectiveMethodInvocation.java:179)
	at org.springframework.aop.framework.JdkDynamicAopProxy.invoke(JdkDynamicAopProxy.java:213)
	at com.sun.proxy.$Proxy38.isUsernameAvailable(Unknown Source)
	at org.n2.app.beans.UserValidator.validate(UserValidator.java:48)
	at org.n2.app.beans.EmailValidator.validate(EmailValidator.java:68)
	at javax.faces.component.UIInput.validateValue(UIInput.java:1164)
	at javax.faces.component.UIInput.validate(UIInput.java:982)
	at javax.faces.component.UIInput.executeValidate(UIInput.java:1248)
	at javax.faces.component.UIInput.processValidators(UIInput.java:712)
	at com.sun.faces.context.PartialViewContextImpl$PhaseAwareVisitCallback.visit(PartialViewContextImpl.java:575)
	at com.sun.faces.component.visit.PartialVisitContext.invokeVisitCallback(PartialVisitContext.java:183)
	at javax.faces.component.UIComponent.visitTree(UIComponent.java:1689)
	at javax.faces.component.UIComponent.visitTree(UIComponent.java:1700)
	at javax.faces.component.UIComponent.visitTree(UIComponent.java:1700)
	at javax.faces.component.UIForm.visitTree(UIForm.java:371)
	at javax.faces.component.UIComponent.visitTree(UIComponent.java:1700)
	at javax.faces.component.UIComponent.visitTree(UIComponent.java:1700)
	at javax.faces.component.UIComponent.visitTree(UIComponent.java:1700)
	at javax.faces.component.UIComponent.visitTree(UIComponent.java:1700)
	at com.sun.faces.context.PartialViewContextImpl.processComponents(PartialViewContextImpl.java:403)
	at com.sun.faces.context.PartialViewContextImpl.processPartial(PartialViewContextImpl.java:266)
	at org.primefaces.context.PrimePartialViewContext.processPartial(PrimePartialViewContext.java:57)
	at javax.faces.component.UIViewRoot.processValidators(UIViewRoot.java:1193)
	at com.sun.faces.lifecycle.ProcessValidationsPhase.execute(ProcessValidationsPhase.java:76)
	at com.sun.faces.lifecycle.Phase.doPhase(Phase.java:101)
	at com.sun.faces.lifecycle.LifecycleImpl.execute(LifecycleImpl.java:198)
	at javax.faces.webapp.FacesServlet.service(FacesServlet.java:658)
	at org.eclipse.jetty.servlet.ServletHolder.handle(ServletHolder.java:837)
	at org.eclipse.jetty.servlet.ServletHandler.doHandle(ServletHandler.java:583)
	at org.eclipse.jetty.server.handler.ScopedHandler.handle(ScopedHandler.java:143)
	at org.eclipse.jetty.security.SecurityHandler.handle(SecurityHandler.java:548)
	at org.eclipse.jetty.server.session.SessionHandler.doHandle(SessionHandler.java:226)
	at org.eclipse.jetty.server.handler.ContextHandler.doHandle(ContextHandler.java:1180)
	at org.eclipse.jetty.servlet.ServletHandler.doScope(ServletHandler.java:511)
	at org.eclipse.jetty.server.session.SessionHandler.doScope(SessionHandler.java:185)
	at org.eclipse.jetty.server.handler.ContextHandler.doScope(ContextHandler.java:1112)
	at org.eclipse.jetty.server.handler.ScopedHandler.handle(ScopedHandler.java:141)
	at org.eclipse.jetty.server.handler.ContextHandlerCollection.handle(ContextHandlerCollection.java:213)
	at org.eclipse.jetty.server.handler.HandlerCollection.handle(HandlerCollection.java:119)
	at org.eclipse.jetty.server.handler.HandlerWrapper.handle(HandlerWrapper.java:134)
	at org.eclipse.jetty.server.Server.handle(Server.java:523)
	at org.eclipse.jetty.server.HttpChannel.handle(HttpChannel.java:320)
	at org.eclipse.jetty.server.HttpConnection.onFillable(HttpConnection.java:251)
	at org.eclipse.jetty.io.AbstractConnection$ReadCallback.succeeded(AbstractConnection.java:273)
	at org.eclipse.jetty.io.FillInterest.fillable(FillInterest.java:95)
	at org.eclipse.jetty.io.SelectChannelEndPoint$2.run(SelectChannelEndPoint.java:93)
	at org.eclipse.jetty.util.thread.strategy.ExecuteProduceConsume.executeProduceConsume(ExecuteProduceConsume.java:303)
	at org.eclipse.jetty.util.thread.strategy.ExecuteProduceConsume.produceConsume(ExecuteProduceConsume.java:148)
	at org.eclipse.jetty.util.thread.strategy.ExecuteProduceConsume.run(ExecuteProduceConsume.java:136)
	at org.eclipse.jetty.util.thread.QueuedThreadPool.runJob(QueuedThreadPool.java:671)
	at org.eclipse.jetty.util.thread.QueuedThreadPool$2.run(QueuedThreadPool.java:589)
	at java.lang.Thread.run(Thread.java:745)
2016-12-02 13:24:06,359 ERROR [qtp1392271025-15] (TransactionAspectSupport.java:530)     - Application exception overridden by rollback exception
java.lang.IllegalStateException: Already value [org.springframework.orm.hibernate5.SessionHolder@e0d6d28] for key [org.hibernate.internal.SessionFactoryImpl@5ca2294b] bound to thread [qtp1392271025-15]
	at org.springframework.transaction.support.TransactionSynchronizationManager.bindResource(TransactionSynchronizationManager.java:190)
	at org.springframework.orm.hibernate4.SpringSessionContext.currentSession(SpringSessionContext.java:129)
	at org.hibernate.internal.SessionFactoryImpl.getCurrentSession(SessionFactoryImpl.java:456)
	at org.n2.app.beans.hibernate.CustomHibernateDaoSupport.getSession(CustomHibernateDaoSupport.java:36)
	at org.n2.app.beans.hibernate.UserDao.findByExample(UserDao.java:76)
	at org.n2.app.beans.hibernate.UserDao.findByExample(UserDao.java:1)
	at org.n2.app.beans.UserService.isUsernameAvailable(UserService.java:94)
	at sun.reflect.NativeMethodAccessorImpl.invoke0(Native Method)
	at sun.reflect.NativeMethodAccessorImpl.invoke(NativeMethodAccessorImpl.java:62)
	at sun.reflect.DelegatingMethodAccessorImpl.invoke(DelegatingMethodAccessorImpl.java:43)
	at java.lang.reflect.Method.invoke(Method.java:498)
	at org.springframework.aop.support.AopUtils.invokeJoinpointUsingReflection(AopUtils.java:333)
	at org.springframework.aop.framework.ReflectiveMethodInvocation.invokeJoinpoint(ReflectiveMethodInvocation.java:190)
	at org.springframework.aop.framework.ReflectiveMethodInvocation.proceed(ReflectiveMethodInvocation.java:157)
	at org.springframework.transaction.interceptor.TransactionInterceptor$1.proceedWithInvocation(TransactionInterceptor.java:99)
	at org.springframework.transaction.interceptor.TransactionAspectSupport.invokeWithinTransaction(TransactionAspectSupport.java:282)
	at org.springframework.transaction.interceptor.TransactionInterceptor.invoke(TransactionInterceptor.java:96)
	at org.springframework.aop.framework.ReflectiveMethodInvocation.proceed(ReflectiveMethodInvocation.java:179)
	at org.springframework.aop.framework.JdkDynamicAopProxy.invoke(JdkDynamicAopProxy.java:213)
	at com.sun.proxy.$Proxy38.isUsernameAvailable(Unknown Source)
	at org.n2.app.beans.UserValidator.validate(UserValidator.java:48)
	at javax.faces.component.UIInput.validateValue(UIInput.java:1164)
	at javax.faces.component.UIInput.validate(UIInput.java:982)
	at javax.faces.component.UIInput.executeValidate(UIInput.java:1248)
	at javax.faces.component.UIInput.processValidators(UIInput.java:712)
	at com.sun.faces.context.PartialViewContextImpl$PhaseAwareVisitCallback.visit(PartialViewContextImpl.java:575)
	at com.sun.faces.component.visit.PartialVisitContext.invokeVisitCallback(PartialVisitContext.java:183)
	at javax.faces.component.UIComponent.visitTree(UIComponent.java:1689)
	at javax.faces.component.UIComponent.visitTree(UIComponent.java:1700)
	at javax.faces.component.UIComponent.visitTree(UIComponent.java:1700)
	at javax.faces.component.UIForm.visitTree(UIForm.java:371)
	at javax.faces.component.UIComponent.visitTree(UIComponent.java:1700)
	at javax.faces.component.UIComponent.visitTree(UIComponent.java:1700)
	at javax.faces.component.UIComponent.visitTree(UIComponent.java:1700)
	at javax.faces.component.UIComponent.visitTree(UIComponent.java:1700)
	at com.sun.faces.context.PartialViewContextImpl.processComponents(PartialViewContextImpl.java:403)
	at com.sun.faces.context.PartialViewContextImpl.processPartial(PartialViewContextImpl.java:266)
	at org.primefaces.context.PrimePartialViewContext.processPartial(PrimePartialViewContext.java:57)
	at javax.faces.component.UIViewRoot.processValidators(UIViewRoot.java:1193)
	at com.sun.faces.lifecycle.ProcessValidationsPhase.execute(ProcessValidationsPhase.java:76)
	at com.sun.faces.lifecycle.Phase.doPhase(Phase.java:101)
	at com.sun.faces.lifecycle.LifecycleImpl.execute(LifecycleImpl.java:198)
	at javax.faces.webapp.FacesServlet.service(FacesServlet.java:658)
	at org.eclipse.jetty.servlet.ServletHolder.handle(ServletHolder.java:837)
	at org.eclipse.jetty.servlet.ServletHandler.doHandle(ServletHandler.java:583)
	at org.eclipse.jetty.server.handler.ScopedHandler.handle(ScopedHandler.java:143)
	at org.eclipse.jetty.security.SecurityHandler.handle(SecurityHandler.java:548)
	at org.eclipse.jetty.server.session.SessionHandler.doHandle(SessionHandler.java:226)
	at org.eclipse.jetty.server.handler.ContextHandler.doHandle(ContextHandler.java:1180)
	at org.eclipse.jetty.servlet.ServletHandler.doScope(ServletHandler.java:511)
	at org.eclipse.jetty.server.session.SessionHandler.doScope(SessionHandler.java:185)
	at org.eclipse.jetty.server.handler.ContextHandler.doScope(ContextHandler.java:1112)
	at org.eclipse.jetty.server.handler.ScopedHandler.handle(ScopedHandler.java:141)
	at org.eclipse.jetty.server.handler.ContextHandlerCollection.handle(ContextHandlerCollection.java:213)
	at org.eclipse.jetty.server.handler.HandlerCollection.handle(HandlerCollection.java:119)
	at org.eclipse.jetty.server.handler.HandlerWrapper.handle(HandlerWrapper.java:134)
	at org.eclipse.jetty.server.Server.handle(Server.java:523)
	at org.eclipse.jetty.server.HttpChannel.handle(HttpChannel.java:320)
	at org.eclipse.jetty.server.HttpConnection.onFillable(HttpConnection.java:251)
	at org.eclipse.jetty.io.AbstractConnection$ReadCallback.succeeded(AbstractConnection.java:273)
	at org.eclipse.jetty.io.FillInterest.fillable(FillInterest.java:95)
	at org.eclipse.jetty.io.SelectChannelEndPoint$2.run(SelectChannelEndPoint.java:93)
	at org.eclipse.jetty.util.thread.strategy.ExecuteProduceConsume.executeProduceConsume(ExecuteProduceConsume.java:303)
	at org.eclipse.jetty.util.thread.strategy.ExecuteProduceConsume.produceConsume(ExecuteProduceConsume.java:148)
	at org.eclipse.jetty.util.thread.strategy.ExecuteProduceConsume.run(ExecuteProduceConsume.java:136)
	at org.eclipse.jetty.util.thread.QueuedThreadPool.runJob(QueuedThreadPool.java:671)
	at org.eclipse.jetty.util.thread.QueuedThreadPool$2.run(QueuedThreadPool.java:589)
	at java.lang.Thread.run(Thread.java:745)
2016-12-02 13:53:10,807 WARN  [qtp428798670-24] (SessionImpl.java:1796)     - HHH90000022: Hibernate's legacy org.hibernate.Criteria API is deprecated; use the JPA javax.persistence.criteria.CriteriaQuery instead
2016-12-02 13:53:10,837 WARN  [qtp428798670-24] (SqlExceptionHelper.java:129)     - SQL Error: -5501, SQLState: 42501
2016-12-02 13:53:10,838 ERROR [qtp428798670-24] (SqlExceptionHelper.java:131)     - user lacks privilege or object not found: USER in statement [select this_.id as id1_0_0_, this_.email as email2_0_0_, this_.login as login3_0_0_, this_.password as password4_0_0_, this_.salt as salt5_0_0_ from user this_ where (lower(this_.login)=?)]
2016-12-02 13:53:16,091 WARN  [qtp428798670-18] (SessionImpl.java:1796)     - HHH90000022: Hibernate's legacy org.hibernate.Criteria API is deprecated; use the JPA javax.persistence.criteria.CriteriaQuery instead
2016-12-02 13:53:16,094 WARN  [qtp428798670-18] (SqlExceptionHelper.java:129)     - SQL Error: -5501, SQLState: 42501
2016-12-02 13:53:16,096 ERROR [qtp428798670-18] (SqlExceptionHelper.java:131)     - user lacks privilege or object not found: USER in statement [select this_.id as id1_0_0_, this_.email as email2_0_0_, this_.login as login3_0_0_, this_.password as password4_0_0_, this_.salt as salt5_0_0_ from user this_ where (lower(this_.login)=?)]
2016-12-02 13:53:24,752 WARN  [qtp428798670-17] (SessionImpl.java:1796)     - HHH90000022: Hibernate's legacy org.hibernate.Criteria API is deprecated; use the JPA javax.persistence.criteria.CriteriaQuery instead
2016-12-02 13:53:24,753 WARN  [qtp428798670-17] (SqlExceptionHelper.java:129)     - SQL Error: -5501, SQLState: 42501
2016-12-02 13:53:24,754 ERROR [qtp428798670-17] (SqlExceptionHelper.java:131)     - user lacks privilege or object not found: USER in statement [select this_.id as id1_0_0_, this_.email as email2_0_0_, this_.login as login3_0_0_, this_.password as password4_0_0_, this_.salt as salt5_0_0_ from user this_ where (lower(this_.login)=?)]
2016-12-02 13:58:37,370 WARN  [qtp428798670-17] (SessionImpl.java:1796)     - HHH90000022: Hibernate's legacy org.hibernate.Criteria API is deprecated; use the JPA javax.persistence.criteria.CriteriaQuery instead
2016-12-02 13:58:37,408 WARN  [qtp428798670-17] (SessionImpl.java:1796)     - HHH90000022: Hibernate's legacy org.hibernate.Criteria API is deprecated; use the JPA javax.persistence.criteria.CriteriaQuery instead
2016-12-02 13:58:42,255 WARN  [qtp428798670-23] (SessionImpl.java:1796)     - HHH90000022: Hibernate's legacy org.hibernate.Criteria API is deprecated; use the JPA javax.persistence.criteria.CriteriaQuery instead
2016-12-02 13:58:42,260 WARN  [qtp428798670-23] (SessionImpl.java:1796)     - HHH90000022: Hibernate's legacy org.hibernate.Criteria API is deprecated; use the JPA javax.persistence.criteria.CriteriaQuery instead
2016-12-02 13:58:48,954 WARN  [qtp428798670-22] (SessionImpl.java:1796)     - HHH90000022: Hibernate's legacy org.hibernate.Criteria API is deprecated; use the JPA javax.persistence.criteria.CriteriaQuery instead
2016-12-02 13:58:48,957 WARN  [qtp428798670-22] (SessionImpl.java:1796)     - HHH90000022: Hibernate's legacy org.hibernate.Criteria API is deprecated; use the JPA javax.persistence.criteria.CriteriaQuery instead
2016-12-02 13:58:48,961 WARN  [qtp428798670-22] (SessionImpl.java:1796)     - HHH90000022: Hibernate's legacy org.hibernate.Criteria API is deprecated; use the JPA javax.persistence.criteria.CriteriaQuery instead
2016-12-02 13:58:48,964 WARN  [qtp428798670-22] (SessionImpl.java:1796)     - HHH90000022: Hibernate's legacy org.hibernate.Criteria API is deprecated; use the JPA javax.persistence.criteria.CriteriaQuery instead
2016-12-02 13:58:48,971 ERROR [qtp428798670-22] (RegisterBean.java:90)     - Validation exception: Passwords doesn't match
2016-12-02 13:58:48,972 ERROR [qtp428798670-22] (RegisterBean.java:91)     - Error while creating user
javax.faces.validator.ValidatorException: Passwords doesn't match
	at org.n2.app.beans.RegisterBean.validate(RegisterBean.java:171)
	at org.n2.app.beans.RegisterBean.register(RegisterBean.java:78)
	at sun.reflect.NativeMethodAccessorImpl.invoke0(Native Method)
	at sun.reflect.NativeMethodAccessorImpl.invoke(NativeMethodAccessorImpl.java:62)
	at sun.reflect.DelegatingMethodAccessorImpl.invoke(DelegatingMethodAccessorImpl.java:43)
	at java.lang.reflect.Method.invoke(Method.java:498)
	at org.apache.el.parser.AstValue.invoke(AstValue.java:247)
	at org.apache.el.MethodExpressionImpl.invoke(MethodExpressionImpl.java:267)
	at javax.faces.event.MethodExpressionActionListener.processAction(MethodExpressionActionListener.java:149)
	at javax.faces.event.ActionEvent.processListener(ActionEvent.java:88)
	at javax.faces.component.UIComponentBase.broadcast(UIComponentBase.java:814)
	at javax.faces.component.UICommand.broadcast(UICommand.java:300)
	at javax.faces.component.UIViewRoot.broadcastEvents(UIViewRoot.java:790)
	at javax.faces.component.UIViewRoot.processApplication(UIViewRoot.java:1282)
	at com.sun.faces.lifecycle.InvokeApplicationPhase.execute(InvokeApplicationPhase.java:81)
	at com.sun.faces.lifecycle.Phase.doPhase(Phase.java:101)
	at com.sun.faces.lifecycle.LifecycleImpl.execute(LifecycleImpl.java:198)
	at javax.faces.webapp.FacesServlet.service(FacesServlet.java:658)
	at org.eclipse.jetty.servlet.ServletHolder.handle(ServletHolder.java:837)
	at org.eclipse.jetty.servlet.ServletHandler.doHandle(ServletHandler.java:583)
	at org.eclipse.jetty.server.handler.ScopedHandler.handle(ScopedHandler.java:143)
	at org.eclipse.jetty.security.SecurityHandler.handle(SecurityHandler.java:548)
	at org.eclipse.jetty.server.session.SessionHandler.doHandle(SessionHandler.java:226)
	at org.eclipse.jetty.server.handler.ContextHandler.doHandle(ContextHandler.java:1180)
	at org.eclipse.jetty.servlet.ServletHandler.doScope(ServletHandler.java:511)
	at org.eclipse.jetty.server.session.SessionHandler.doScope(SessionHandler.java:185)
	at org.eclipse.jetty.server.handler.ContextHandler.doScope(ContextHandler.java:1112)
	at org.eclipse.jetty.server.handler.ScopedHandler.handle(ScopedHandler.java:141)
	at org.eclipse.jetty.server.handler.ContextHandlerCollection.handle(ContextHandlerCollection.java:213)
	at org.eclipse.jetty.server.handler.HandlerCollection.handle(HandlerCollection.java:119)
	at org.eclipse.jetty.server.handler.HandlerWrapper.handle(HandlerWrapper.java:134)
	at org.eclipse.jetty.server.Server.handle(Server.java:523)
	at org.eclipse.jetty.server.HttpChannel.handle(HttpChannel.java:320)
	at org.eclipse.jetty.server.HttpConnection.onFillable(HttpConnection.java:251)
	at org.eclipse.jetty.io.AbstractConnection$ReadCallback.succeeded(AbstractConnection.java:273)
	at org.eclipse.jetty.io.FillInterest.fillable(FillInterest.java:95)
	at org.eclipse.jetty.io.SelectChannelEndPoint$2.run(SelectChannelEndPoint.java:93)
	at org.eclipse.jetty.util.thread.strategy.ExecuteProduceConsume.executeProduceConsume(ExecuteProduceConsume.java:303)
	at org.eclipse.jetty.util.thread.strategy.ExecuteProduceConsume.produceConsume(ExecuteProduceConsume.java:148)
	at org.eclipse.jetty.util.thread.strategy.ExecuteProduceConsume.run(ExecuteProduceConsume.java:136)
	at org.eclipse.jetty.util.thread.QueuedThreadPool.runJob(QueuedThreadPool.java:671)
	at org.eclipse.jetty.util.thread.QueuedThreadPool$2.run(QueuedThreadPool.java:589)
	at java.lang.Thread.run(Thread.java:745)
2016-12-02 13:59:02,630 WARN  [qtp428798670-14] (SessionImpl.java:1796)     - HHH90000022: Hibernate's legacy org.hibernate.Criteria API is deprecated; use the JPA javax.persistence.criteria.CriteriaQuery instead
2016-12-02 13:59:02,634 WARN  [qtp428798670-14] (SessionImpl.java:1796)     - HHH90000022: Hibernate's legacy org.hibernate.Criteria API is deprecated; use the JPA javax.persistence.criteria.CriteriaQuery instead
2016-12-02 13:59:02,637 WARN  [qtp428798670-14] (SessionImpl.java:1796)     - HHH90000022: Hibernate's legacy org.hibernate.Criteria API is deprecated; use the JPA javax.persistence.criteria.CriteriaQuery instead
2016-12-02 13:59:02,640 WARN  [qtp428798670-14] (SessionImpl.java:1796)     - HHH90000022: Hibernate's legacy org.hibernate.Criteria API is deprecated; use the JPA javax.persistence.criteria.CriteriaQuery instead
2016-12-02 13:59:18,500 WARN  [qtp428798670-15] (SessionImpl.java:1796)     - HHH90000022: Hibernate's legacy org.hibernate.Criteria API is deprecated; use the JPA javax.persistence.criteria.CriteriaQuery instead
2016-12-02 13:59:18,504 WARN  [qtp428798670-15] (SessionImpl.java:1796)     - HHH90000022: Hibernate's legacy org.hibernate.Criteria API is deprecated; use the JPA javax.persistence.criteria.CriteriaQuery instead
2016-12-02 13:59:18,509 WARN  [qtp428798670-15] (SessionImpl.java:1796)     - HHH90000022: Hibernate's legacy org.hibernate.Criteria API is deprecated; use the JPA javax.persistence.criteria.CriteriaQuery instead
2016-12-02 13:59:18,512 WARN  [qtp428798670-15] (SessionImpl.java:1796)     - HHH90000022: Hibernate's legacy org.hibernate.Criteria API is deprecated; use the JPA javax.persistence.criteria.CriteriaQuery instead
2016-12-02 14:54:54,441 WARN  [main] (AbstractApplicationContext.java:550)     - Exception encountered during context initialization - cancelling refresh attempt: org.springframework.beans.factory.BeanCreationException: Error creating bean with name 'sessionFactory' defined in ServletContext resource [/WEB-INF/applicationContext.xml]: Initialization of bean failed; nested exception is org.springframework.beans.TypeMismatchException: Failed to convert property value of type 'java.util.ArrayList' to required type 'java.lang.Class[]' for property 'annotatedClasses'; nested exception is java.lang.IllegalArgumentException: Cannot find class [org.n2.app.beans.hibernate.User]
2016-12-02 14:54:54,446 ERROR [main] (ContextLoader.java:351)     - Context initialization failed
org.springframework.beans.factory.BeanCreationException: Error creating bean with name 'sessionFactory' defined in ServletContext resource [/WEB-INF/applicationContext.xml]: Initialization of bean failed; nested exception is org.springframework.beans.TypeMismatchException: Failed to convert property value of type 'java.util.ArrayList' to required type 'java.lang.Class[]' for property 'annotatedClasses'; nested exception is java.lang.IllegalArgumentException: Cannot find class [org.n2.app.beans.hibernate.User]
	at org.springframework.beans.factory.support.AbstractAutowireCapableBeanFactory.doCreateBean(AbstractAutowireCapableBeanFactory.java:562)
	at org.springframework.beans.factory.support.AbstractAutowireCapableBeanFactory.createBean(AbstractAutowireCapableBeanFactory.java:482)
	at org.springframework.beans.factory.support.AbstractBeanFactory$1.getObject(AbstractBeanFactory.java:306)
	at org.springframework.beans.factory.support.DefaultSingletonBeanRegistry.getSingleton(DefaultSingletonBeanRegistry.java:230)
	at org.springframework.beans.factory.support.AbstractBeanFactory.doGetBean(AbstractBeanFactory.java:302)
	at org.springframework.beans.factory.support.AbstractBeanFactory.getBean(AbstractBeanFactory.java:197)
	at org.springframework.beans.factory.support.DefaultListableBeanFactory.preInstantiateSingletons(DefaultListableBeanFactory.java:735)
	at org.springframework.context.support.AbstractApplicationContext.finishBeanFactoryInitialization(AbstractApplicationContext.java:866)
	at org.springframework.context.support.AbstractApplicationContext.refresh(AbstractApplicationContext.java:542)
	at org.springframework.web.context.ContextLoader.configureAndRefreshWebApplicationContext(ContextLoader.java:444)
	at org.springframework.web.context.ContextLoader.initWebApplicationContext(ContextLoader.java:326)
	at org.springframework.web.context.ContextLoaderListener.contextInitialized(ContextLoaderListener.java:107)
	at org.eclipse.jetty.server.handler.ContextHandler.callContextInitialized(ContextHandler.java:843)
	at org.eclipse.jetty.servlet.ServletContextHandler.callContextInitialized(ServletContextHandler.java:533)
	at org.eclipse.jetty.server.handler.ContextHandler.startContext(ContextHandler.java:816)
	at org.eclipse.jetty.servlet.ServletContextHandler.startContext(ServletContextHandler.java:345)
	at org.eclipse.jetty.webapp.WebAppContext.startWebapp(WebAppContext.java:1404)
	at org.eclipse.jetty.maven.plugin.JettyWebAppContext.startWebapp(JettyWebAppContext.java:323)
	at org.eclipse.jetty.webapp.WebAppContext.startContext(WebAppContext.java:1366)
	at org.eclipse.jetty.server.handler.ContextHandler.doStart(ContextHandler.java:778)
	at org.eclipse.jetty.servlet.ServletContextHandler.doStart(ServletContextHandler.java:262)
	at org.eclipse.jetty.webapp.WebAppContext.doStart(WebAppContext.java:520)
	at org.eclipse.jetty.maven.plugin.JettyWebAppContext.doStart(JettyWebAppContext.java:398)
	at org.eclipse.jetty.util.component.AbstractLifeCycle.start(AbstractLifeCycle.java:68)
	at org.eclipse.jetty.util.component.ContainerLifeCycle.start(ContainerLifeCycle.java:131)
	at org.eclipse.jetty.util.component.ContainerLifeCycle.doStart(ContainerLifeCycle.java:113)
	at org.eclipse.jetty.server.handler.AbstractHandler.doStart(AbstractHandler.java:61)
	at org.eclipse.jetty.server.handler.ContextHandlerCollection.doStart(ContextHandlerCollection.java:161)
	at org.eclipse.jetty.util.component.AbstractLifeCycle.start(AbstractLifeCycle.java:68)
	at org.eclipse.jetty.util.component.ContainerLifeCycle.start(ContainerLifeCycle.java:131)
	at org.eclipse.jetty.util.component.ContainerLifeCycle.doStart(ContainerLifeCycle.java:113)
	at org.eclipse.jetty.server.handler.AbstractHandler.doStart(AbstractHandler.java:61)
	at org.eclipse.jetty.util.component.AbstractLifeCycle.start(AbstractLifeCycle.java:68)
	at org.eclipse.jetty.util.component.ContainerLifeCycle.start(ContainerLifeCycle.java:131)
	at org.eclipse.jetty.server.Server.start(Server.java:411)
	at org.eclipse.jetty.util.component.ContainerLifeCycle.doStart(ContainerLifeCycle.java:105)
	at org.eclipse.jetty.server.handler.AbstractHandler.doStart(AbstractHandler.java:61)
	at org.eclipse.jetty.server.Server.doStart(Server.java:378)
	at org.eclipse.jetty.util.component.AbstractLifeCycle.start(AbstractLifeCycle.java:68)
	at org.eclipse.jetty.maven.plugin.AbstractJettyMojo.startJetty(AbstractJettyMojo.java:460)
	at org.eclipse.jetty.maven.plugin.AbstractJettyMojo.execute(AbstractJettyMojo.java:328)
	at org.eclipse.jetty.maven.plugin.JettyRunMojo.execute(JettyRunMojo.java:170)
	at org.apache.maven.plugin.DefaultBuildPluginManager.executeMojo(DefaultBuildPluginManager.java:134)
	at org.apache.maven.lifecycle.internal.MojoExecutor.execute(MojoExecutor.java:207)
	at org.apache.maven.lifecycle.internal.MojoExecutor.execute(MojoExecutor.java:153)
	at org.apache.maven.lifecycle.internal.MojoExecutor.execute(MojoExecutor.java:145)
	at org.apache.maven.lifecycle.internal.LifecycleModuleBuilder.buildProject(LifecycleModuleBuilder.java:116)
	at org.apache.maven.lifecycle.internal.LifecycleModuleBuilder.buildProject(LifecycleModuleBuilder.java:80)
	at org.apache.maven.lifecycle.internal.builder.singlethreaded.SingleThreadedBuilder.build(SingleThreadedBuilder.java:51)
	at org.apache.maven.lifecycle.internal.LifecycleStarter.execute(LifecycleStarter.java:128)
	at org.apache.maven.DefaultMaven.doExecute(DefaultMaven.java:307)
	at org.apache.maven.DefaultMaven.doExecute(DefaultMaven.java:193)
	at org.apache.maven.DefaultMaven.execute(DefaultMaven.java:106)
	at org.apache.maven.cli.MavenCli.execute(MavenCli.java:863)
	at org.apache.maven.cli.MavenCli.doMain(MavenCli.java:288)
	at org.apache.maven.cli.MavenCli.main(MavenCli.java:199)
	at sun.reflect.NativeMethodAccessorImpl.invoke0(Native Method)
	at sun.reflect.NativeMethodAccessorImpl.invoke(NativeMethodAccessorImpl.java:62)
	at sun.reflect.DelegatingMethodAccessorImpl.invoke(DelegatingMethodAccessorImpl.java:43)
	at java.lang.reflect.Method.invoke(Method.java:498)
	at org.codehaus.plexus.classworlds.launcher.Launcher.launchEnhanced(Launcher.java:289)
	at org.codehaus.plexus.classworlds.launcher.Launcher.launch(Launcher.java:229)
	at org.codehaus.plexus.classworlds.launcher.Launcher.mainWithExitCode(Launcher.java:415)
	at org.codehaus.plexus.classworlds.launcher.Launcher.main(Launcher.java:356)
Caused by: org.springframework.beans.TypeMismatchException: Failed to convert property value of type 'java.util.ArrayList' to required type 'java.lang.Class[]' for property 'annotatedClasses'; nested exception is java.lang.IllegalArgumentException: Cannot find class [org.n2.app.beans.hibernate.User]
	at org.springframework.beans.AbstractNestablePropertyAccessor.convertIfNecessary(AbstractNestablePropertyAccessor.java:596)
	at org.springframework.beans.AbstractNestablePropertyAccessor.convertForProperty(AbstractNestablePropertyAccessor.java:603)
	at org.springframework.beans.BeanWrapperImpl.convertForProperty(BeanWrapperImpl.java:216)
	at org.springframework.beans.factory.support.AbstractAutowireCapableBeanFactory.convertForProperty(AbstractAutowireCapableBeanFactory.java:1532)
	at org.springframework.beans.factory.support.AbstractAutowireCapableBeanFactory.applyPropertyValues(AbstractAutowireCapableBeanFactory.java:1491)
	at org.springframework.beans.factory.support.AbstractAutowireCapableBeanFactory.populateBean(AbstractAutowireCapableBeanFactory.java:1231)
	at org.springframework.beans.factory.support.AbstractAutowireCapableBeanFactory.doCreateBean(AbstractAutowireCapableBeanFactory.java:551)
	... 63 more
Caused by: java.lang.IllegalArgumentException: Cannot find class [org.n2.app.beans.hibernate.User]
	at org.springframework.util.ClassUtils.resolveClassName(ClassUtils.java:287)
	at org.springframework.beans.propertyeditors.ClassEditor.setAsText(ClassEditor.java:63)
	at org.springframework.beans.TypeConverterDelegate.doConvertTextValue(TypeConverterDelegate.java:468)
	at org.springframework.beans.TypeConverterDelegate.doConvertValue(TypeConverterDelegate.java:441)
	at org.springframework.beans.TypeConverterDelegate.convertIfNecessary(TypeConverterDelegate.java:199)
	at org.springframework.beans.TypeConverterDelegate.convertIfNecessary(TypeConverterDelegate.java:143)
	at org.springframework.beans.TypeConverterDelegate.convertToTypedArray(TypeConverterDelegate.java:479)
	at org.springframework.beans.TypeConverterDelegate.convertIfNecessary(TypeConverterDelegate.java:216)
	at org.springframework.beans.AbstractNestablePropertyAccessor.convertIfNecessary(AbstractNestablePropertyAccessor.java:576)
	... 69 more
Caused by: java.lang.ClassNotFoundException: org.n2.app.beans.hibernate.User
	at org.codehaus.plexus.classworlds.strategy.SelfFirstStrategy.loadClass(SelfFirstStrategy.java:50)
	at org.codehaus.plexus.classworlds.realm.ClassRealm.unsynchronizedLoadClass(ClassRealm.java:271)
	at org.codehaus.plexus.classworlds.realm.ClassRealm.loadClass(ClassRealm.java:247)
	at org.codehaus.plexus.classworlds.realm.ClassRealm.loadClass(ClassRealm.java:239)
	at org.eclipse.jetty.webapp.WebAppClassLoader.loadClass(WebAppClassLoader.java:487)
	at org.eclipse.jetty.webapp.WebAppClassLoader.loadClass(WebAppClassLoader.java:428)
	at org.springframework.util.ClassUtils.forName(ClassUtils.java:250)
	at org.springframework.util.ClassUtils.resolveClassName(ClassUtils.java:284)
	... 77 more
2016-12-03 12:24:19,645 WARN  [qtp7646139-18] (SessionImpl.java:1796)     - HHH90000022: Hibernate's legacy org.hibernate.Criteria API is deprecated; use the JPA javax.persistence.criteria.CriteriaQuery instead
2016-12-03 12:24:19,730 WARN  [qtp7646139-18] (SessionImpl.java:1796)     - HHH90000022: Hibernate's legacy org.hibernate.Criteria API is deprecated; use the JPA javax.persistence.criteria.CriteriaQuery instead
2016-12-03 12:24:38,877 WARN  [qtp7646139-13] (SessionImpl.java:1796)     - HHH90000022: Hibernate's legacy org.hibernate.Criteria API is deprecated; use the JPA javax.persistence.criteria.CriteriaQuery instead
2016-12-03 12:24:38,881 WARN  [qtp7646139-13] (SessionImpl.java:1796)     - HHH90000022: Hibernate's legacy org.hibernate.Criteria API is deprecated; use the JPA javax.persistence.criteria.CriteriaQuery instead
2016-12-03 12:24:51,005 WARN  [qtp7646139-16] (SessionImpl.java:1796)     - HHH90000022: Hibernate's legacy org.hibernate.Criteria API is deprecated; use the JPA javax.persistence.criteria.CriteriaQuery instead
2016-12-03 12:24:51,008 WARN  [qtp7646139-16] (SessionImpl.java:1796)     - HHH90000022: Hibernate's legacy org.hibernate.Criteria API is deprecated; use the JPA javax.persistence.criteria.CriteriaQuery instead
2016-12-03 12:24:51,013 WARN  [qtp7646139-16] (SessionImpl.java:1796)     - HHH90000022: Hibernate's legacy org.hibernate.Criteria API is deprecated; use the JPA javax.persistence.criteria.CriteriaQuery instead
2016-12-03 12:24:51,016 WARN  [qtp7646139-16] (SessionImpl.java:1796)     - HHH90000022: Hibernate's legacy org.hibernate.Criteria API is deprecated; use the JPA javax.persistence.criteria.CriteriaQuery instead
2016-12-03 12:33:24,281 WARN  [qtp7646139-22] (SessionImpl.java:1796)     - HHH90000022: Hibernate's legacy org.hibernate.Criteria API is deprecated; use the JPA javax.persistence.criteria.CriteriaQuery instead
2016-12-03 12:33:24,290 WARN  [qtp7646139-22] (SessionImpl.java:1796)     - HHH90000022: Hibernate's legacy org.hibernate.Criteria API is deprecated; use the JPA javax.persistence.criteria.CriteriaQuery instead
2016-12-03 12:33:24,293 WARN  [qtp7646139-22] (SessionImpl.java:1796)     - HHH90000022: Hibernate's legacy org.hibernate.Criteria API is deprecated; use the JPA javax.persistence.criteria.CriteriaQuery instead
2016-12-03 12:33:45,731 WARN  [qtp7646139-24] (SessionImpl.java:1796)     - HHH90000022: Hibernate's legacy org.hibernate.Criteria API is deprecated; use the JPA javax.persistence.criteria.CriteriaQuery instead
2016-12-03 12:38:14,964 WARN  [qtp7646139-16] (SessionImpl.java:1796)     - HHH90000022: Hibernate's legacy org.hibernate.Criteria API is deprecated; use the JPA javax.persistence.criteria.CriteriaQuery instead
2016-12-03 12:40:48,213 WARN  [qtp7646139-18] (SessionImpl.java:1796)     - HHH90000022: Hibernate's legacy org.hibernate.Criteria API is deprecated; use the JPA javax.persistence.criteria.CriteriaQuery instead
2016-12-03 12:40:48,217 WARN  [qtp7646139-18] (SessionImpl.java:1796)     - HHH90000022: Hibernate's legacy org.hibernate.Criteria API is deprecated; use the JPA javax.persistence.criteria.CriteriaQuery instead
2016-12-03 12:40:48,220 WARN  [qtp7646139-18] (SessionImpl.java:1796)     - HHH90000022: Hibernate's legacy org.hibernate.Criteria API is deprecated; use the JPA javax.persistence.criteria.CriteriaQuery instead
2016-12-03 12:40:49,604 WARN  [qtp7646139-13] (SessionImpl.java:1796)     - HHH90000022: Hibernate's legacy org.hibernate.Criteria API is deprecated; use the JPA javax.persistence.criteria.CriteriaQuery instead
2016-12-03 12:40:49,608 WARN  [qtp7646139-13] (SessionImpl.java:1796)     - HHH90000022: Hibernate's legacy org.hibernate.Criteria API is deprecated; use the JPA javax.persistence.criteria.CriteriaQuery instead
2016-12-03 12:40:49,611 WARN  [qtp7646139-13] (SessionImpl.java:1796)     - HHH90000022: Hibernate's legacy org.hibernate.Criteria API is deprecated; use the JPA javax.persistence.criteria.CriteriaQuery instead
2016-12-03 12:40:51,308 WARN  [qtp7646139-12] (SessionImpl.java:1796)     - HHH90000022: Hibernate's legacy org.hibernate.Criteria API is deprecated; use the JPA javax.persistence.criteria.CriteriaQuery instead
2016-12-03 12:40:51,312 WARN  [qtp7646139-12] (SessionImpl.java:1796)     - HHH90000022: Hibernate's legacy org.hibernate.Criteria API is deprecated; use the JPA javax.persistence.criteria.CriteriaQuery instead
2016-12-03 12:40:51,316 WARN  [qtp7646139-12] (SessionImpl.java:1796)     - HHH90000022: Hibernate's legacy org.hibernate.Criteria API is deprecated; use the JPA javax.persistence.criteria.CriteriaQuery instead
2016-12-03 12:40:51,643 WARN  [qtp7646139-24] (SessionImpl.java:1796)     - HHH90000022: Hibernate's legacy org.hibernate.Criteria API is deprecated; use the JPA javax.persistence.criteria.CriteriaQuery instead
2016-12-03 12:40:51,648 WARN  [qtp7646139-24] (SessionImpl.java:1796)     - HHH90000022: Hibernate's legacy org.hibernate.Criteria API is deprecated; use the JPA javax.persistence.criteria.CriteriaQuery instead
2016-12-03 12:40:51,651 WARN  [qtp7646139-24] (SessionImpl.java:1796)     - HHH90000022: Hibernate's legacy org.hibernate.Criteria API is deprecated; use the JPA javax.persistence.criteria.CriteriaQuery instead
2016-12-03 12:40:51,869 WARN  [qtp7646139-16] (SessionImpl.java:1796)     - HHH90000022: Hibernate's legacy org.hibernate.Criteria API is deprecated; use the JPA javax.persistence.criteria.CriteriaQuery instead
2016-12-03 12:40:51,874 WARN  [qtp7646139-16] (SessionImpl.java:1796)     - HHH90000022: Hibernate's legacy org.hibernate.Criteria API is deprecated; use the JPA javax.persistence.criteria.CriteriaQuery instead
2016-12-03 12:40:51,877 WARN  [qtp7646139-16] (SessionImpl.java:1796)     - HHH90000022: Hibernate's legacy org.hibernate.Criteria API is deprecated; use the JPA javax.persistence.criteria.CriteriaQuery instead
2016-12-03 12:40:52,344 WARN  [qtp7646139-14] (SessionImpl.java:1796)     - HHH90000022: Hibernate's legacy org.hibernate.Criteria API is deprecated; use the JPA javax.persistence.criteria.CriteriaQuery instead
2016-12-03 12:40:52,351 WARN  [qtp7646139-14] (SessionImpl.java:1796)     - HHH90000022: Hibernate's legacy org.hibernate.Criteria API is deprecated; use the JPA javax.persistence.criteria.CriteriaQuery instead
2016-12-03 12:40:52,355 WARN  [qtp7646139-14] (SessionImpl.java:1796)     - HHH90000022: Hibernate's legacy org.hibernate.Criteria API is deprecated; use the JPA javax.persistence.criteria.CriteriaQuery instead
2016-12-03 12:40:52,620 WARN  [qtp7646139-18] (SessionImpl.java:1796)     - HHH90000022: Hibernate's legacy org.hibernate.Criteria API is deprecated; use the JPA javax.persistence.criteria.CriteriaQuery instead
2016-12-03 12:40:52,624 WARN  [qtp7646139-18] (SessionImpl.java:1796)     - HHH90000022: Hibernate's legacy org.hibernate.Criteria API is deprecated; use the JPA javax.persistence.criteria.CriteriaQuery instead
2016-12-03 12:40:52,628 WARN  [qtp7646139-18] (SessionImpl.java:1796)     - HHH90000022: Hibernate's legacy org.hibernate.Criteria API is deprecated; use the JPA javax.persistence.criteria.CriteriaQuery instead
2016-12-03 12:41:14,604 WARN  [qtp7646139-13] (SessionImpl.java:1796)     - HHH90000022: Hibernate's legacy org.hibernate.Criteria API is deprecated; use the JPA javax.persistence.criteria.CriteriaQuery instead
2016-12-03 12:41:14,609 WARN  [qtp7646139-13] (SessionImpl.java:1796)     - HHH90000022: Hibernate's legacy org.hibernate.Criteria API is deprecated; use the JPA javax.persistence.criteria.CriteriaQuery instead
2016-12-03 12:41:14,612 WARN  [qtp7646139-13] (SessionImpl.java:1796)     - HHH90000022: Hibernate's legacy org.hibernate.Criteria API is deprecated; use the JPA javax.persistence.criteria.CriteriaQuery instead
2016-12-03 13:38:55,511 WARN  [qtp979532928-16] (SessionImpl.java:1796)     - HHH90000022: Hibernate's legacy org.hibernate.Criteria API is deprecated; use the JPA javax.persistence.criteria.CriteriaQuery instead
2016-12-03 13:38:55,544 WARN  [qtp979532928-16] (SessionImpl.java:1796)     - HHH90000022: Hibernate's legacy org.hibernate.Criteria API is deprecated; use the JPA javax.persistence.criteria.CriteriaQuery instead
2016-12-03 13:38:56,772 WARN  [qtp979532928-12] (SessionImpl.java:1796)     - HHH90000022: Hibernate's legacy org.hibernate.Criteria API is deprecated; use the JPA javax.persistence.criteria.CriteriaQuery instead
2016-12-03 13:38:56,781 WARN  [qtp979532928-12] (SessionImpl.java:1796)     - HHH90000022: Hibernate's legacy org.hibernate.Criteria API is deprecated; use the JPA javax.persistence.criteria.CriteriaQuery instead
2016-12-03 14:53:30,157 WARN  [qtp1728057672-31] (SessionImpl.java:1796)     - HHH90000022: Hibernate's legacy org.hibernate.Criteria API is deprecated; use the JPA javax.persistence.criteria.CriteriaQuery instead
2016-12-03 14:53:30,294 WARN  [qtp1728057672-31] (SessionImpl.java:1796)     - HHH90000022: Hibernate's legacy org.hibernate.Criteria API is deprecated; use the JPA javax.persistence.criteria.CriteriaQuery instead
2016-12-03 14:53:36,840 WARN  [qtp1728057672-32] (SessionImpl.java:1796)     - HHH90000022: Hibernate's legacy org.hibernate.Criteria API is deprecated; use the JPA javax.persistence.criteria.CriteriaQuery instead
2016-12-03 14:53:36,856 WARN  [qtp1728057672-32] (SessionImpl.java:1796)     - HHH90000022: Hibernate's legacy org.hibernate.Criteria API is deprecated; use the JPA javax.persistence.criteria.CriteriaQuery instead
2016-12-03 14:53:50,288 WARN  [qtp1728057672-26] (SessionImpl.java:1796)     - HHH90000022: Hibernate's legacy org.hibernate.Criteria API is deprecated; use the JPA javax.persistence.criteria.CriteriaQuery instead
2016-12-03 14:53:50,292 WARN  [qtp1728057672-26] (SessionImpl.java:1796)     - HHH90000022: Hibernate's legacy org.hibernate.Criteria API is deprecated; use the JPA javax.persistence.criteria.CriteriaQuery instead
2016-12-03 14:53:50,296 WARN  [qtp1728057672-26] (SessionImpl.java:1796)     - HHH90000022: Hibernate's legacy org.hibernate.Criteria API is deprecated; use the JPA javax.persistence.criteria.CriteriaQuery instead
2016-12-03 14:53:50,300 WARN  [qtp1728057672-26] (SessionImpl.java:1796)     - HHH90000022: Hibernate's legacy org.hibernate.Criteria API is deprecated; use the JPA javax.persistence.criteria.CriteriaQuery instead
